Arguments: 
  C:\Program Files\nodejs\node.exe C:\Program Files\nodejs\node_modules\yarn\bin\yarn.js add bootstrap

PATH: 
  C:\Windows\system32;C:\Windows;C:\Windows\System32\Wbem;C:\Windows\System32\WindowsPowerShell\v1.0\;C:\Windows\System32\OpenSSH\;C:\Users\45534\AppData\Roaming\nvm;C:\Program Files\nodejs;C:\Program Files\Microsoft VS Code\bin;C:\Program Files\Git\cmd;C:\Users\45534\AppData\Local\Microsoft\WindowsApps;C:\Program Files\Microsoft SQL Server\150\Tools\Binn\;C:\Program Files\Microsoft SQL Server\Client SDK\ODBC\170\Tools\Binn\;C:\Program Files\dotnet\;D:\flutter\flutter\bin;;C:\Program Files (x86)\Tencent\微信web开发者工具\dll;C:\Users\45534\AppData\Local\Programs\Python\Python38\Scripts\;C:\Users\45534\AppData\Local\Programs\Python\Python38\;C:\Users\45534\AppData\Local\pnpm;C:\Users\45534\AppData\Local\Microsoft\WindowsApps;C:\Users\45534\AppData\Roaming\nvm;C:\Program Files\nodejs;C:\Users\45534\.dotnet\tools;C:\Program Files\JetBrains\IntelliJ IDEA 2021.2.2\bin;

Yarn version: 
  1.22.19

Node version: 
  16.20.0

Platform: 
  win32 x64

Trace: 
  Error: ENOENT: no such file or directory, copyfile 'C:\Users\45534\AppData\Local\Yarn\Cache\v6\npm-supports-color-9.3.1-34e4ad3c71c9a39dae3254ecc46c9b74e89e15a6-integrity\node_modules\supports-color\browser.js' -> 'D:\app\freelog-runtime\node_modules\lint-staged\node_modules\supports-color\browser.js'

npm manifest: 
  {
    "private": true,
    "scripts": {
      "dev": "npm-run-all --parallel start:*",
      "start:core": "cd ./packages/core && pnpm start",
      "start:mobile": "cd ./packages/mobile && pnpm start",
      "start:pc": "cd ./packages/pc && pnpm start"
    },
    "packageManager": "pnpm",
    "devDependencies": {
      "eslint": "^8.19.0",
      "husky": "^7.0.4",
      "lint-staged": "^12.5.0",
      "prettier": "^2.7.1",
      "rimraf": "^3.0.2",
      "stylelint": "^13.13.1"
    },
    "dependencies": {
      "npm-run-all": "^4.1.5"
    }
  }

yarn manifest: 
  No manifest

Lockfile: 
  No lockfile
